resize2fs 1.42.9 (4-Feb-2014)
The filesystem is already 7864064 blocks long.  Nothing to do!

650000+0 records in
650000+0 records out
665600000 bytes (666 MB) copied, 93.7307 s, 7.1 MB/s
Setting up swapspace version 1, size = 649996 KiB
no label, UUID=eab637a6-e764-437a-aa13-3426e12546c1
micro

#########################################################################
#                                                                       #
#        Setting Bitnami application password to 'O27TLuZp'         #
#                                                                       #
#########################################################################

[Tue Jul  5 13:40:45 UTC 2016] Regenerating keys for wordpress
[Tue Jul  5 13:41:06 UTC 2016] Regenerating keys for wordpress finished
[Tue Jul  5 13:41:06 UTC 2016] Finished regenerating keys
[Tue Jul  5 13:41:07 UTC 2016] Setting up password for mysql service
[Tue Jul  5 13:41:46 UTC 2016] Setting up password for mysql service finished
[Tue Jul  5 13:41:47 UTC 2016] Setting up password for wordpress application
[Tue Jul  5 13:42:10 UTC 2016] Setting up password for wordpress application finished
[Tue Jul  5 13:42:10 UTC 2016] Finished setting password
